{"/home/ext-hyd-sys-tr10/Desktop/nodeTypescript/src/serverT.ts": {"path":"/home/ext-hyd-sys-tr10/Desktop/nodeTypescript/src/serverT.ts","statementMap":{"0":{"start":{"line":1,"column":0},"end":{"line":1,"column":30}},"1":{"start":{"line":3,"column":0},"end":{"line":3,"column":45}},"2":{"start":{"line":4,"column":0},"end":{"line":4,"column":47}},"3":{"start":{"line":5,"column":0},"end":{"line":5,"column":24}},"4":{"start":{"line":6,"column":0},"end":{"line":6,"column":24}},"5":{"start":{"line":7,"column":0},"end":{"line":7,"column":24}},"6":{"start":{"line":8,"column":0},"end":{"line":8,"column":32}},"7":{"start":{"line":9,"column":0},"end":{"line":9,"column":45}},"8":{"start":{"line":10,"column":0},"end":{"line":10,"column":55}},"9":{"start":{"line":12,"column":0},"end":{"line":12,"column":9}},"10":{"start":{"line":13,"column":12},"end":{"line":13,"column":21}},"11":{"start":{"line":14,"column":13},"end":{"line":14,"column":17}},"12":{"start":{"line":16,"column":0},"end":{"line":16,"column":16}},"13":{"start":{"line":17,"column":0},"end":{"line":17,"column":24}},"14":{"start":{"line":18,"column":0},"end":{"line":18,"column":29}},"15":{"start":{"line":19,"column":0},"end":{"line":19,"column":34}},"16":{"start":{"line":20,"column":0},"end":{"line":20,"column":29}},"17":{"start":{"line":21,"column":0},"end":{"line":21,"column":35}},"18":{"start":{"line":23,"column":15},"end":{"line":23,"column":37}},"19":{"start":{"line":26,"column":0},"end":{"line":28,"column":3}},"20":{"start":{"line":27,"column":2},"end":{"line":27,"column":60}},"21":{"start":{"line":31,"column":0},"end":{"line":31,"column":48}},"22":{"start":{"line":32,"column":0},"end":{"line":32,"column":30}},"23":{"start":{"line":34,"column":0},"end":{"line":36,"column":3}},"24":{"start":{"line":35,"column":2},"end":{"line":35,"column":25}},"25":{"start":{"line":39,"column":0},"end":{"line":39,"column":null}}},"fnMap":{"0":{"name":"(anonymous_1)","decl":{"start":{"line":26,"column":13},"end":{"line":26,"column":14}},"loc":{"start":{"line":26,"column":26},"end":{"line":28,"column":1}}},"1":{"name":"(anonymous_2)","decl":{"start":{"line":34,"column":21},"end":{"line":34,"column":22}},"loc":{"start":{"line":34,"column":34},"end":{"line":36,"column":1}}}},"branchMap":{},"s":{"0":21,"1":21,"2":21,"3":21,"4":21,"5":21,"6":21,"7":21,"8":21,"9":21,"10":21,"11":21,"12":21,"13":21,"14":21,"15":21,"16":21,"17":21,"18":21,"19":21,"20":0,"21":21,"22":21,"23":21,"24":0,"25":21},"f":{"0":0,"1":0},"b":{}}
,"/home/ext-hyd-sys-tr10/Desktop/nodeTypescript/src/controllers/chatController.ts": {"path":"/home/ext-hyd-sys-tr10/Desktop/nodeTypescript/src/controllers/chatController.ts","statementMap":{"0":{"start":{"line":1,"column":0},"end":{"line":1,"column":44}},"1":{"start":{"line":2,"column":0},"end":{"line":2,"column":39}},"2":{"start":{"line":5,"column":21},"end":{"line":33,"column":1}},"3":{"start":{"line":6,"column":2},"end":{"line":32,"column":3}},"4":{"start":{"line":7,"column":36},"end":{"line":7,"column":44}},"5":{"start":{"line":9,"column":19},"end":{"line":9,"column":52}},"6":{"start":{"line":10,"column":21},"end":{"line":10,"column":57}},"7":{"start":{"line":11,"column":4},"end":{"line":13,"column":5}},"8":{"start":{"line":12,"column":6},"end":{"line":12,"column":77}},"9":{"start":{"line":14,"column":25},"end":{"line":17,"column":6}},"10":{"start":{"line":19,"column":4},"end":{"line":26,"column":5}},"11":{"start":{"line":20,"column":6},"end":{"line":24,"column":9}},"12":{"start":{"line":25,"column":6},"end":{"line":25,"column":75}},"13":{"start":{"line":27,"column":4},"end":{"line":27,"column":null}},"14":{"start":{"line":28,"column":4},"end":{"line":28,"column":73}},"15":{"start":{"line":30,"column":24},"end":{"line":30,"column":79}},"16":{"start":{"line":31,"column":4},"end":{"line":31,"column":61}},"17":{"start":{"line":35,"column":23},"end":{"line":49,"column":1}},"18":{"start":{"line":36,"column":2},"end":{"line":48,"column":3}},"19":{"start":{"line":37,"column":23},"end":{"line":37,"column":33}},"20":{"start":{"line":39,"column":15},"end":{"line":39,"column":48}},"21":{"start":{"line":41,"column":15},"end":{"line":41,"column":35}},"22":{"start":{"line":42,"column":21},"end":{"line":42,"column":96}},"23":{"start":{"line":44,"column":4},"end":{"line":44,"column":44}},"24":{"start":{"line":46,"column":4},"end":{"line":46,"column":25}},"25":{"start":{"line":47,"column":4},"end":{"line":47,"column":68}},"26":{"start":{"line":51,"column":21},"end":{"line":78,"column":1}},"27":{"start":{"line":52,"column":2},"end":{"line":77,"column":3}},"28":{"start":{"line":53,"column":27},"end":{"line":53,"column":37}},"29":{"start":{"line":55,"column":17},"end":{"line":55,"column":50}},"30":{"start":{"line":56,"column":4},"end":{"line":58,"column":5}},"31":{"start":{"line":57,"column":6},"end":{"line":57,"column":63}},"32":{"start":{"line":59,"column":21},"end":{"line":59,"column":65}},"33":{"start":{"line":60,"column":4},"end":{"line":62,"column":5}},"34":{"start":{"line":61,"column":6},"end":{"line":61,"column":77}},"35":{"start":{"line":63,"column":20},"end":{"line":68,"column":null}},"36":{"start":{"line":71,"column":4},"end":{"line":73,"column":77}},"37":{"start":{"line":75,"column":4},"end":{"line":75,"column":25}},"38":{"start":{"line":76,"column":4},"end":{"line":76,"column":68}},"39":{"start":{"line":80,"column":28},"end":{"line":101,"column":1}},"40":{"start":{"line":81,"column":2},"end":{"line":100,"column":1}},"41":{"start":{"line":82,"column":33},"end":{"line":82,"column":43}},"42":{"start":{"line":84,"column":15},"end":{"line":84,"column":48}},"43":{"start":{"line":85,"column":4},"end":{"line":87,"column":5}},"44":{"start":{"line":86,"column":8},"end":{"line":86,"column":null}},"45":{"start":{"line":88,"column":15},"end":{"line":88,"column":34}},"46":{"start":{"line":89,"column":15},"end":{"line":89,"column":90}},"47":{"start":{"line":90,"column":4},"end":{"line":92,"column":5}},"48":{"start":{"line":91,"column":8},"end":{"line":91,"column":null}},"49":{"start":{"line":94,"column":26},"end":{"line":94,"column":90}},"50":{"start":{"line":96,"column":4},"end":{"line":96,"column":null}},"51":{"start":{"line":98,"column":24},"end":{"line":98,"column":null}},"52":{"start":{"line":99,"column":4},"end":{"line":99,"column":null}},"53":{"start":{"line":104,"column":0},"end":{"line":104,"column":83}},"54":{"start":{"line":111,"column":85},"end":{"line":111,"column":37403}},"55":{"start":{"line":111,"column":89},"end":{"line":111,"column":37392}},"56":{"start":{"line":111,"column":37518},"end":{"line":111,"column":37524}},"57":{"start":{"line":111,"column":37639},"end":{"line":111,"column":37645}},"58":{"start":{"line":111,"column":37764},"end":{"line":111,"column":37770}},"59":{"start":{"line":111,"column":37914},"end":{"line":111,"column":37920}}},"fnMap":{"0":{"name":"(anonymous_1)","decl":{"start":{"line":5,"column":21},"end":{"line":5,"column":26}},"loc":{"start":{"line":5,"column":59},"end":{"line":33,"column":1}}},"1":{"name":"(anonymous_2)","decl":{"start":{"line":35,"column":23},"end":{"line":35,"column":28}},"loc":{"start":{"line":35,"column":61},"end":{"line":49,"column":1}}},"2":{"name":"(anonymous_3)","decl":{"start":{"line":51,"column":21},"end":{"line":51,"column":26}},"loc":{"start":{"line":51,"column":59},"end":{"line":78,"column":1}}},"3":{"name":"(anonymous_4)","decl":{"start":{"line":80,"column":28},"end":{"line":80,"column":33}},"loc":{"start":{"line":80,"column":61},"end":{"line":101,"column":1}}},"4":{"name":"oo_cm","decl":{"start":{"line":111,"column":77},"end":{"line":111,"column":82}},"loc":{"start":{"line":111,"column":82},"end":{"line":111,"column":37404}}}},"branchMap":{"0":{"loc":{"start":{"line":11,"column":4},"end":{"line":13,"column":5}},"type":"if","locations":[{"start":{"line":11,"column":4},"end":{"line":13,"column":5}}]},"1":{"loc":{"start":{"line":11,"column":8},"end":{"line":11,"column":28}},"type":"binary-expr","locations":[{"start":{"line":11,"column":8},"end":{"line":11,"column":15}},{"start":{"line":11,"column":19},"end":{"line":11,"column":28}}]},"2":{"loc":{"start":{"line":19,"column":4},"end":{"line":26,"column":5}},"type":"if","locations":[{"start":{"line":19,"column":4},"end":{"line":26,"column":5}}]},"3":{"loc":{"start":{"line":56,"column":4},"end":{"line":58,"column":5}},"type":"if","locations":[{"start":{"line":56,"column":4},"end":{"line":58,"column":5}}]},"4":{"loc":{"start":{"line":60,"column":4},"end":{"line":62,"column":5}},"type":"if","locations":[{"start":{"line":60,"column":4},"end":{"line":62,"column":5}}]},"5":{"loc":{"start":{"line":85,"column":4},"end":{"line":87,"column":5}},"type":"if","locations":[{"start":{"line":85,"column":4},"end":{"line":87,"column":5}}]},"6":{"loc":{"start":{"line":90,"column":4},"end":{"line":92,"column":5}},"type":"if","locations":[{"start":{"line":90,"column":4},"end":{"line":92,"column":5}}]},"7":{"loc":{"start":{"line":111,"column":96},"end":{"line":111,"column":37391}},"type":"binary-expr","locations":[{"start":{"line":111,"column":96},"end":{"line":111,"column":133}},{"start":{"line":111,"column":137},"end":{"line":111,"column":37391}}]}},"s":{"0":21,"1":21,"2":21,"3":4,"4":4,"5":4,"6":3,"7":3,"8":1,"9":2,"10":2,"11":1,"12":1,"13":1,"14":1,"15":1,"16":1,"17":21,"18":2,"19":2,"20":2,"21":1,"22":1,"23":1,"24":1,"25":1,"26":21,"27":4,"28":4,"29":4,"30":3,"31":1,"32":2,"33":2,"34":1,"35":1,"36":1,"37":1,"38":1,"39":21,"40":4,"41":4,"42":4,"43":3,"44":1,"45":2,"46":2,"47":2,"48":1,"49":1,"50":1,"51":1,"52":1,"53":21,"54":2,"55":2,"56":21,"57":21,"58":21,"59":21},"f":{"0":4,"1":2,"2":4,"3":4,"4":2},"b":{"0":[1],"1":[3,3],"2":[1],"3":[1],"4":[1],"5":[1],"6":[1],"7":[2,1]}}
,"/home/ext-hyd-sys-tr10/Desktop/nodeTypescript/src/controllers/chatGroupController.ts": {"path":"/home/ext-hyd-sys-tr10/Desktop/nodeTypescript/src/controllers/chatGroupController.ts","statementMap":{"0":{"start":{"line":2,"column":0},"end":{"line":2,"column":54}},"1":{"start":{"line":3,"column":0},"end":{"line":3,"column":39}},"2":{"start":{"line":5,"column":24},"end":{"line":53,"column":1}},"3":{"start":{"line":6,"column":2},"end":{"line":52,"column":3}},"4":{"start":{"line":7,"column":35},"end":{"line":7,"column":43}},"5":{"start":{"line":8,"column":19},"end":{"line":8,"column":26}},"6":{"start":{"line":9,"column":18},"end":{"line":9,"column":50}},"7":{"start":{"line":10,"column":4},"end":{"line":12,"column":5}},"8":{"start":{"line":11,"column":6},"end":{"line":11,"column":63}},"9":{"start":{"line":13,"column":4},"end":{"line":17,"column":5}},"10":{"start":{"line":14,"column":6},"end":{"line":16,"column":62}},"11":{"start":{"line":18,"column":26},"end":{"line":19,"column":null}},"12":{"start":{"line":19,"column":26},"end":{"line":19,"column":57}},"13":{"start":{"line":21,"column":4},"end":{"line":27,"column":5}},"14":{"start":{"line":22,"column":6},"end":{"line":26,"column":11}},"15":{"start":{"line":28,"column":18},"end":{"line":28,"column":70}},"16":{"start":{"line":29,"column":24},"end":{"line":29,"column":88}},"17":{"start":{"line":30,"column":4},"end":{"line":37,"column":5}},"18":{"start":{"line":31,"column":27},"end":{"line":32,"column":null}},"19":{"start":{"line":32,"column":16},"end":{"line":32,"column":54}},"20":{"start":{"line":32,"column":38},"end":{"line":32,"column":53}},"21":{"start":{"line":34,"column":6},"end":{"line":36,"column":70}},"22":{"start":{"line":39,"column":21},"end":{"line":44,"column":6}},"23":{"start":{"line":46,"column":4},"end":{"line":48,"column":75}},"24":{"start":{"line":50,"column":24},"end":{"line":50,"column":79}},"25":{"start":{"line":51,"column":4},"end":{"line":51,"column":68}},"26":{"start":{"line":55,"column":27},"end":{"line":84,"column":1}},"27":{"start":{"line":56,"column":2},"end":{"line":83,"column":3}},"28":{"start":{"line":57,"column":24},"end":{"line":57,"column":34}},"29":{"start":{"line":58,"column":24},"end":{"line":58,"column":32}},"30":{"start":{"line":60,"column":17},"end":{"line":60,"column":50}},"31":{"start":{"line":61,"column":4},"end":{"line":63,"column":5}},"32":{"start":{"line":62,"column":6},"end":{"line":62,"column":63}},"33":{"start":{"line":65,"column":25},"end":{"line":70,"column":null}},"34":{"start":{"line":73,"column":4},"end":{"line":75,"column":5}},"35":{"start":{"line":74,"column":6},"end":{"line":74,"column":64}},"36":{"start":{"line":77,"column":4},"end":{"line":79,"column":75}},"37":{"start":{"line":81,"column":4},"end":{"line":81,"column":25}},"38":{"start":{"line":82,"column":4},"end":{"line":82,"column":68}},"39":{"start":{"line":86,"column":26},"end":{"line":119,"column":1}},"40":{"start":{"line":87,"column":2},"end":{"line":118,"column":3}},"41":{"start":{"line":88,"column":35},"end":{"line":88,"column":45}},"42":{"start":{"line":89,"column":15},"end":{"line":89,"column":48}},"43":{"start":{"line":90,"column":4},"end":{"line":92,"column":5}},"44":{"start":{"line":91,"column":6},"end":{"line":91,"column":null}},"45":{"start":{"line":93,"column":4},"end":{"line":95,"column":3}},"46":{"start":{"line":94,"column":6},"end":{"line":94,"column":null}},"47":{"start":{"line":96,"column":18},"end":{"line":96,"column":56}},"48":{"start":{"line":97,"column":4},"end":{"line":99,"column":5}},"49":{"start":{"line":98,"column":6},"end":{"line":98,"column":65}},"50":{"start":{"line":100,"column":24},"end":{"line":100,"column":68}},"51":{"start":{"line":101,"column":4},"end":{"line":103,"column":5}},"52":{"start":{"line":102,"column":6},"end":{"line":102,"column":73}},"53":{"start":{"line":104,"column":4},"end":{"line":106,"column":5}},"54":{"start":{"line":105,"column":6},"end":{"line":105,"column":77}},"55":{"start":{"line":107,"column":24},"end":{"line":110,"column":null}},"56":{"start":{"line":112,"column":4},"end":{"line":114,"column":71}},"57":{"start":{"line":116,"column":24},"end":{"line":116,"column":null}},"58":{"start":{"line":117,"column":4},"end":{"line":117,"column":null}},"59":{"start":{"line":121,"column":26},"end":{"line":150,"column":1}},"60":{"start":{"line":122,"column":2},"end":{"line":149,"column":3}},"61":{"start":{"line":123,"column":35},"end":{"line":123,"column":45}},"62":{"start":{"line":124,"column":15},"end":{"line":124,"column":48}},"63":{"start":{"line":125,"column":4},"end":{"line":127,"column":5}},"64":{"start":{"line":126,"column":6},"end":{"line":126,"column":null}},"65":{"start":{"line":128,"column":4},"end":{"line":130,"column":5}},"66":{"start":{"line":129,"column":6},"end":{"line":129,"column":null}},"67":{"start":{"line":131,"column":18},"end":{"line":131,"column":56}},"68":{"start":{"line":132,"column":4},"end":{"line":134,"column":5}},"69":{"start":{"line":133,"column":6},"end":{"line":133,"column":65}},"70":{"start":{"line":135,"column":4},"end":{"line":137,"column":5}},"71":{"start":{"line":136,"column":6},"end":{"line":136,"column":70}},"72":{"start":{"line":138,"column":24},"end":{"line":141,"column":null}},"73":{"start":{"line":143,"column":4},"end":{"line":145,"column":73}},"74":{"start":{"line":147,"column":24},"end":{"line":147,"column":null}},"75":{"start":{"line":148,"column":4},"end":{"line":148,"column":null}},"76":{"start":{"line":152,"column":24},"end":{"line":171,"column":1}},"77":{"start":{"line":153,"column":2},"end":{"line":170,"column":3}},"78":{"start":{"line":154,"column":24},"end":{"line":154,"column":34}},"79":{"start":{"line":155,"column":17},"end":{"line":155,"column":50}},"80":{"start":{"line":156,"column":4},"end":{"line":158,"column":5}},"81":{"start":{"line":157,"column":6},"end":{"line":157,"column":64}},"82":{"start":{"line":159,"column":4},"end":{"line":161,"column":5}},"83":{"start":{"line":160,"column":8},"end":{"line":160,"column":null}},"84":{"start":{"line":162,"column":18},"end":{"line":164,"column":null}},"85":{"start":{"line":166,"column":4},"end":{"line":166,"column":72}},"86":{"start":{"line":168,"column":24},"end":{"line":168,"column":81}},"87":{"start":{"line":169,"column":4},"end":{"line":169,"column":68}},"88":{"start":{"line":173,"column":29},"end":{"line":193,"column":1}},"89":{"start":{"line":174,"column":2},"end":{"line":192,"column":3}},"90":{"start":{"line":175,"column":35},"end":{"line":175,"column":45}},"91":{"start":{"line":177,"column":18},"end":{"line":177,"column":56}},"92":{"start":{"line":178,"column":4},"end":{"line":180,"column":5}},"93":{"start":{"line":179,"column":6},"end":{"line":179,"column":64}},"94":{"start":{"line":182,"column":26},"end":{"line":184,"column":6}},"95":{"start":{"line":186,"column":4},"end":{"line":188,"column":56}},"96":{"start":{"line":190,"column":24},"end":{"line":190,"column":81}},"97":{"start":{"line":191,"column":4},"end":{"line":191,"column":68}},"98":{"start":{"line":195,"column":31},"end":{"line":228,"column":1}},"99":{"start":{"line":196,"column":2},"end":{"line":227,"column":3}},"100":{"start":{"line":197,"column":44},"end":{"line":197,"column":52}},"101":{"start":{"line":198,"column":24},"end":{"line":198,"column":null}},"102":{"start":{"line":199,"column":17},"end":{"line":199,"column":50}},"103":{"start":{"line":200,"column":4},"end":{"line":202,"column":5}},"104":{"start":{"line":201,"column":6},"end":{"line":201,"column":63}},"105":{"start":{"line":203,"column":24},"end":{"line":203,"column":null}},"106":{"start":{"line":204,"column":4},"end":{"line":206,"column":5}},"107":{"start":{"line":205,"column":8},"end":{"line":205,"column":null}},"108":{"start":{"line":207,"column":18},"end":{"line":207,"column":56}},"109":{"start":{"line":209,"column":4},"end":{"line":211,"column":5}},"110":{"start":{"line":210,"column":6},"end":{"line":210,"column":64}},"111":{"start":{"line":212,"column":24},"end":{"line":212,"column":null}},"112":{"start":{"line":213,"column":29},"end":{"line":213,"column":68}},"113":{"start":{"line":215,"column":4},"end":{"line":217,"column":5}},"114":{"start":{"line":216,"column":8},"end":{"line":216,"column":null}},"115":{"start":{"line":218,"column":4},"end":{"line":221,"column":5}},"116":{"start":{"line":219,"column":23},"end":{"line":219,"column":96}},"117":{"start":{"line":220,"column":5},"end":{"line":220,"column":null}},"118":{"start":{"line":222,"column":24},"end":{"line":222,"column":102}},"119":{"start":{"line":223,"column":6},"end":{"line":223,"column":92}},"120":{"start":{"line":225,"column":24},"end":{"line":225,"column":81}},"121":{"start":{"line":226,"column":4},"end":{"line":226,"column":68}},"122":{"start":{"line":230,"column":24},"end":{"line":248,"column":1}},"123":{"start":{"line":231,"column":4},"end":{"line":247,"column":5}},"124":{"start":{"line":232,"column":24},"end":{"line":232,"column":34}},"125":{"start":{"line":234,"column":19},"end":{"line":234,"column":52}},"126":{"start":{"line":235,"column":8},"end":{"line":237,"column":9}},"127":{"start":{"line":236,"column":12},"end":{"line":236,"column":null}},"128":{"start":{"line":238,"column":27},"end":{"line":238,"column":90}},"129":{"start":{"line":239,"column":28},"end":{"line":239,"column":null}},"130":{"start":{"line":240,"column":8},"end":{"line":242,"column":9}},"131":{"start":{"line":241,"column":12},"end":{"line":241,"column":null}},"132":{"start":{"line":243,"column":8},"end":{"line":243,"column":null}},"133":{"start":{"line":245,"column":28},"end":{"line":245,"column":null}},"134":{"start":{"line":246,"column":8},"end":{"line":246,"column":null}},"135":{"start":{"line":250,"column":0},"end":{"line":259,"column":2}},"136":{"start":{"line":266,"column":85},"end":{"line":266,"column":37403}},"137":{"start":{"line":266,"column":89},"end":{"line":266,"column":37392}},"138":{"start":{"line":266,"column":37518},"end":{"line":266,"column":37524}},"139":{"start":{"line":266,"column":37639},"end":{"line":266,"column":37645}},"140":{"start":{"line":266,"column":37764},"end":{"line":266,"column":37770}},"141":{"start":{"line":266,"column":37914},"end":{"line":266,"column":37920}}},"fnMap":{"0":{"name":"(anonymous_1)","decl":{"start":{"line":5,"column":24},"end":{"line":5,"column":29}},"loc":{"start":{"line":5,"column":62},"end":{"line":53,"column":1}}},"1":{"name":"(anonymous_2)","decl":{"start":{"line":19,"column":6},"end":{"line":19,"column":7}},"loc":{"start":{"line":19,"column":26},"end":{"line":19,"column":57}}},"2":{"name":"(anonymous_3)","decl":{"start":{"line":32,"column":8},"end":{"line":32,"column":9}},"loc":{"start":{"line":32,"column":16},"end":{"line":32,"column":54}}},"3":{"name":"(anonymous_4)","decl":{"start":{"line":32,"column":28},"end":{"line":32,"column":29}},"loc":{"start":{"line":32,"column":38},"end":{"line":32,"column":53}}},"4":{"name":"(anonymous_5)","decl":{"start":{"line":55,"column":27},"end":{"line":55,"column":32}},"loc":{"start":{"line":55,"column":65},"end":{"line":84,"column":1}}},"5":{"name":"(anonymous_6)","decl":{"start":{"line":86,"column":26},"end":{"line":86,"column":31}},"loc":{"start":{"line":86,"column":64},"end":{"line":119,"column":1}}},"6":{"name":"(anonymous_7)","decl":{"start":{"line":121,"column":26},"end":{"line":121,"column":31}},"loc":{"start":{"line":121,"column":64},"end":{"line":150,"column":1}}},"7":{"name":"(anonymous_8)","decl":{"start":{"line":152,"column":24},"end":{"line":152,"column":29}},"loc":{"start":{"line":152,"column":62},"end":{"line":171,"column":1}}},"8":{"name":"(anonymous_9)","decl":{"start":{"line":173,"column":29},"end":{"line":173,"column":34}},"loc":{"start":{"line":173,"column":67},"end":{"line":193,"column":1}}},"9":{"name":"(anonymous_10)","decl":{"start":{"line":195,"column":31},"end":{"line":195,"column":36}},"loc":{"start":{"line":195,"column":69},"end":{"line":228,"column":1}}},"10":{"name":"(anonymous_11)","decl":{"start":{"line":230,"column":24},"end":{"line":230,"column":29}},"loc":{"start":{"line":230,"column":57},"end":{"line":248,"column":1}}},"11":{"name":"oo_cm","decl":{"start":{"line":266,"column":77},"end":{"line":266,"column":82}},"loc":{"start":{"line":266,"column":82},"end":{"line":266,"column":37404}}}},"branchMap":{"0":{"loc":{"start":{"line":10,"column":4},"end":{"line":12,"column":5}},"type":"if","locations":[{"start":{"line":10,"column":4},"end":{"line":12,"column":5}}]},"1":{"loc":{"start":{"line":13,"column":4},"end":{"line":17,"column":5}},"type":"if","locations":[{"start":{"line":13,"column":4},"end":{"line":17,"column":5}}]},"2":{"loc":{"start":{"line":13,"column":8},"end":{"line":13,"column":63}},"type":"binary-expr","locations":[{"start":{"line":13,"column":8},"end":{"line":13,"column":36}},{"start":{"line":13,"column":40},"end":{"line":13,"column":63}}]},"3":{"loc":{"start":{"line":21,"column":4},"end":{"line":27,"column":5}},"type":"if","locations":[{"start":{"line":21,"column":4},"end":{"line":27,"column":5}}]},"4":{"loc":{"start":{"line":30,"column":4},"end":{"line":37,"column":5}},"type":"if","locations":[{"start":{"line":30,"column":4},"end":{"line":37,"column":5}}]},"5":{"loc":{"start":{"line":61,"column":4},"end":{"line":63,"column":5}},"type":"if","locations":[{"start":{"line":61,"column":4},"end":{"line":63,"column":5}}]},"6":{"loc":{"start":{"line":73,"column":4},"end":{"line":75,"column":5}},"type":"if","locations":[{"start":{"line":73,"column":4},"end":{"line":75,"column":5}}]},"7":{"loc":{"start":{"line":90,"column":4},"end":{"line":92,"column":5}},"type":"if","locations":[{"start":{"line":90,"column":4},"end":{"line":92,"column":5}}]},"8":{"loc":{"start":{"line":93,"column":4},"end":{"line":95,"column":3}},"type":"if","locations":[{"start":{"line":93,"column":4},"end":{"line":95,"column":3}}]},"9":{"loc":{"start":{"line":97,"column":4},"end":{"line":99,"column":5}},"type":"if","locations":[{"start":{"line":97,"column":4},"end":{"line":99,"column":5}}]},"10":{"loc":{"start":{"line":101,"column":4},"end":{"line":103,"column":5}},"type":"if","locations":[{"start":{"line":101,"column":4},"end":{"line":103,"column":5}}]},"11":{"loc":{"start":{"line":104,"column":4},"end":{"line":106,"column":5}},"type":"if","locations":[{"start":{"line":104,"column":4},"end":{"line":106,"column":5}}]},"12":{"loc":{"start":{"line":125,"column":4},"end":{"line":127,"column":5}},"type":"if","locations":[{"start":{"line":125,"column":4},"end":{"line":127,"column":5}}]},"13":{"loc":{"start":{"line":128,"column":4},"end":{"line":130,"column":5}},"type":"if","locations":[{"start":{"line":128,"column":4},"end":{"line":130,"column":5}}]},"14":{"loc":{"start":{"line":132,"column":4},"end":{"line":134,"column":5}},"type":"if","locations":[{"start":{"line":132,"column":4},"end":{"line":134,"column":5}}]},"15":{"loc":{"start":{"line":135,"column":4},"end":{"line":137,"column":5}},"type":"if","locations":[{"start":{"line":135,"column":4},"end":{"line":137,"column":5}}]},"16":{"loc":{"start":{"line":156,"column":4},"end":{"line":158,"column":5}},"type":"if","locations":[{"start":{"line":156,"column":4},"end":{"line":158,"column":5}}]},"17":{"loc":{"start":{"line":159,"column":4},"end":{"line":161,"column":5}},"type":"if","locations":[{"start":{"line":159,"column":4},"end":{"line":161,"column":5}}]},"18":{"loc":{"start":{"line":178,"column":4},"end":{"line":180,"column":5}},"type":"if","locations":[{"start":{"line":178,"column":4},"end":{"line":180,"column":5}}]},"19":{"loc":{"start":{"line":200,"column":4},"end":{"line":202,"column":5}},"type":"if","locations":[{"start":{"line":200,"column":4},"end":{"line":202,"column":5}}]},"20":{"loc":{"start":{"line":204,"column":4},"end":{"line":206,"column":5}},"type":"if","locations":[{"start":{"line":204,"column":4},"end":{"line":206,"column":5}}]},"21":{"loc":{"start":{"line":209,"column":4},"end":{"line":211,"column":5}},"type":"if","locations":[{"start":{"line":209,"column":4},"end":{"line":211,"column":5}}]},"22":{"loc":{"start":{"line":215,"column":4},"end":{"line":217,"column":5}},"type":"if","locations":[{"start":{"line":215,"column":4},"end":{"line":217,"column":5}}]},"23":{"loc":{"start":{"line":218,"column":4},"end":{"line":221,"column":5}},"type":"if","locations":[{"start":{"line":218,"column":4},"end":{"line":221,"column":5}}]},"24":{"loc":{"start":{"line":235,"column":8},"end":{"line":237,"column":9}},"type":"if","locations":[{"start":{"line":235,"column":8},"end":{"line":237,"column":9}}]},"25":{"loc":{"start":{"line":240,"column":8},"end":{"line":242,"column":9}},"type":"if","locations":[{"start":{"line":240,"column":8},"end":{"line":242,"column":9}}]},"26":{"loc":{"start":{"line":266,"column":96},"end":{"line":266,"column":37391}},"type":"binary-expr","locations":[{"start":{"line":266,"column":96},"end":{"line":266,"column":133}},{"start":{"line":266,"column":137},"end":{"line":266,"column":37391}}]}},"s":{"0":21,"1":21,"2":21,"3":6,"4":6,"5":6,"6":6,"7":5,"8":1,"9":4,"10":1,"11":3,"12":5,"13":3,"14":1,"15":2,"16":2,"17":2,"18":1,"19":2,"20":2,"21":1,"22":1,"23":1,"24":1,"25":1,"26":21,"27":4,"28":4,"29":4,"30":4,"31":3,"32":1,"33":2,"34":2,"35":1,"36":1,"37":1,"38":1,"39":21,"40":7,"41":7,"42":7,"43":6,"44":1,"45":5,"46":1,"47":4,"48":4,"49":1,"50":3,"51":3,"52":1,"53":2,"54":1,"55":1,"56":1,"57":1,"58":1,"59":21,"60":6,"61":6,"62":6,"63":5,"64":1,"65":4,"66":1,"67":3,"68":3,"69":1,"70":2,"71":1,"72":1,"73":1,"74":1,"75":1,"76":21,"77":4,"78":4,"79":4,"80":3,"81":1,"82":2,"83":1,"84":1,"85":1,"86":1,"87":1,"88":21,"89":3,"90":3,"91":3,"92":2,"93":1,"94":1,"95":1,"96":1,"97":1,"98":21,"99":7,"100":7,"101":7,"102":7,"103":6,"104":1,"105":5,"106":5,"107":1,"108":4,"109":4,"110":1,"111":3,"112":3,"113":3,"114":1,"115":2,"116":1,"117":1,"118":1,"119":1,"120":1,"121":1,"122":21,"123":4,"124":4,"125":4,"126":3,"127":1,"128":2,"129":2,"130":2,"131":1,"132":1,"133":1,"134":1,"135":21,"136":26,"137":26,"138":21,"139":21,"140":21,"141":21},"f":{"0":6,"1":5,"2":2,"3":2,"4":4,"5":7,"6":6,"7":4,"8":3,"9":7,"10":4,"11":26},"b":{"0":[1],"1":[1],"2":[4,3],"3":[1],"4":[1],"5":[1],"6":[1],"7":[1],"8":[1],"9":[1],"10":[1],"11":[1],"12":[1],"13":[1],"14":[1],"15":[1],"16":[1],"17":[1],"18":[1],"19":[1],"20":[1],"21":[1],"22":[1],"23":[1],"24":[1],"25":[1],"26":[26,7]}}
,"/home/ext-hyd-sys-tr10/Desktop/nodeTypescript/src/controllers/orderController.ts": {"path":"/home/ext-hyd-sys-tr10/Desktop/nodeTypescript/src/controllers/orderController.ts","statementMap":{"0":{"start":{"line":1,"column":0},"end":{"line":1,"column":67}},"1":{"start":{"line":3,"column":0},"end":{"line":3,"column":41}},"2":{"start":{"line":4,"column":0},"end":{"line":4,"column":28}},"3":{"start":{"line":6,"column":20},"end":{"line":38,"column":1}},"4":{"start":{"line":7,"column":2},"end":{"line":37,"column":3}},"5":{"start":{"line":8,"column":33},"end":{"line":8,"column":41}},"6":{"start":{"line":10,"column":4},"end":{"line":12,"column":5}},"7":{"start":{"line":11,"column":6},"end":{"line":11,"column":67}},"8":{"start":{"line":13,"column":4},"end":{"line":15,"column":5}},"9":{"start":{"line":14,"column":6},"end":{"line":14,"column":69}},"10":{"start":{"line":16,"column":20},"end":{"line":21,"column":6}},"11":{"start":{"line":23,"column":21},"end":{"line":23,"column":58}},"12":{"start":{"line":24,"column":25},"end":{"line":28,"column":6}},"13":{"start":{"line":29,"column":4},"end":{"line":33,"column":7}},"14":{"start":{"line":35,"column":24},"end":{"line":35,"column":79}},"15":{"start":{"line":36,"column":4},"end":{"line":36,"column":68}},"16":{"start":{"line":40,"column":20},"end":{"line":53,"column":1}},"17":{"start":{"line":41,"column":64},"end":{"line":41,"column":72}},"18":{"start":{"line":42,"column":15},"end":{"line":42,"column":51}},"19":{"start":{"line":43,"column":15},"end":{"line":43,"column":76}},"20":{"start":{"line":44,"column":2},"end":{"line":44,"column":20}},"21":{"start":{"line":45,"column":28},"end":{"line":45,"column":46}},"22":{"start":{"line":46,"column":22},"end":{"line":46,"column":111}},"23":{"start":{"line":47,"column":22},"end":{"line":47,"column":112}},"24":{"start":{"line":48,"column":2},"end":{"line":52,"column":3}},"25":{"start":{"line":49,"column":4},"end":{"line":49,"column":74}},"26":{"start":{"line":51,"column":4},"end":{"line":51,"column":66}},"27":{"start":{"line":55,"column":22},"end":{"line":75,"column":1}},"28":{"start":{"line":56,"column":2},"end":{"line":74,"column":3}},"29":{"start":{"line":57,"column":35},"end":{"line":57,"column":43}},"30":{"start":{"line":58,"column":4},"end":{"line":60,"column":5}},"31":{"start":{"line":59,"column":6},"end":{"line":59,"column":71}},"32":{"start":{"line":61,"column":4},"end":{"line":63,"column":5}},"33":{"start":{"line":62,"column":6},"end":{"line":62,"column":67}},"34":{"start":{"line":65,"column":21},"end":{"line":65,"column":75}},"35":{"start":{"line":66,"column":4},"end":{"line":69,"column":7}},"36":{"start":{"line":70,"column":4},"end":{"line":70,"column":66}},"37":{"start":{"line":72,"column":24},"end":{"line":72,"column":79}},"38":{"start":{"line":73,"column":4},"end":{"line":73,"column":69}},"39":{"start":{"line":77,"column":0},"end":{"line":77,"column":59}},"40":{"start":{"line":84,"column":85},"end":{"line":84,"column":37403}},"41":{"start":{"line":84,"column":89},"end":{"line":84,"column":37392}},"42":{"start":{"line":84,"column":37518},"end":{"line":84,"column":37524}},"43":{"start":{"line":84,"column":37639},"end":{"line":84,"column":37645}},"44":{"start":{"line":84,"column":37764},"end":{"line":84,"column":37770}},"45":{"start":{"line":84,"column":37914},"end":{"line":84,"column":37920}}},"fnMap":{"0":{"name":"(anonymous_7)","decl":{"start":{"line":6,"column":20},"end":{"line":6,"column":25}},"loc":{"start":{"line":6,"column":58},"end":{"line":38,"column":1}}},"1":{"name":"(anonymous_8)","decl":{"start":{"line":40,"column":20},"end":{"line":40,"column":21}},"loc":{"start":{"line":40,"column":52},"end":{"line":53,"column":1}}},"2":{"name":"(anonymous_9)","decl":{"start":{"line":55,"column":22},"end":{"line":55,"column":27}},"loc":{"start":{"line":55,"column":60},"end":{"line":75,"column":1}}},"3":{"name":"oo_cm","decl":{"start":{"line":84,"column":77},"end":{"line":84,"column":82}},"loc":{"start":{"line":84,"column":82},"end":{"line":84,"column":37404}}}},"branchMap":{"0":{"loc":{"start":{"line":10,"column":4},"end":{"line":12,"column":5}},"type":"if","locations":[{"start":{"line":10,"column":4},"end":{"line":12,"column":5}}]},"1":{"loc":{"start":{"line":13,"column":4},"end":{"line":15,"column":5}},"type":"if","locations":[{"start":{"line":13,"column":4},"end":{"line":15,"column":5}}]},"2":{"loc":{"start":{"line":48,"column":2},"end":{"line":52,"column":3}},"type":"if","locations":[{"start":{"line":48,"column":2},"end":{"line":52,"column":3}},{"start":{"line":50,"column":9},"end":{"line":52,"column":3}}]},"3":{"loc":{"start":{"line":58,"column":4},"end":{"line":60,"column":5}},"type":"if","locations":[{"start":{"line":58,"column":4},"end":{"line":60,"column":5}}]},"4":{"loc":{"start":{"line":61,"column":4},"end":{"line":63,"column":5}},"type":"if","locations":[{"start":{"line":61,"column":4},"end":{"line":63,"column":5}}]},"5":{"loc":{"start":{"line":84,"column":96},"end":{"line":84,"column":37391}},"type":"binary-expr","locations":[{"start":{"line":84,"column":96},"end":{"line":84,"column":133}},{"start":{"line":84,"column":137},"end":{"line":84,"column":37391}}]}},"s":{"0":21,"1":21,"2":21,"3":21,"4":4,"5":4,"6":4,"7":1,"8":3,"9":1,"10":2,"11":2,"12":1,"13":1,"14":1,"15":1,"16":21,"17":2,"18":2,"19":2,"20":2,"21":2,"22":2,"23":2,"24":2,"25":1,"26":1,"27":21,"28":4,"29":4,"30":4,"31":1,"32":3,"33":1,"34":2,"35":2,"36":1,"37":1,"38":1,"39":21,"40":6,"41":6,"42":21,"43":21,"44":21,"45":21},"f":{"0":4,"1":2,"2":4,"3":6},"b":{"0":[1],"1":[1],"2":[1,1],"3":[1],"4":[1],"5":[6,3]}}
,"/home/ext-hyd-sys-tr10/Desktop/nodeTypescript/src/controllers/userController.ts": {"path":"/home/ext-hyd-sys-tr10/Desktop/nodeTypescript/src/controllers/userController.ts","statementMap":{"0":{"start":{"line":2,"column":0},"end":{"line":2,"column":27}},"1":{"start":{"line":3,"column":0},"end":{"line":3,"column":30}},"2":{"start":{"line":4,"column":0},"end":{"line":4,"column":39}},"3":{"start":{"line":6,"column":0},"end":{"line":6,"column":32}},"4":{"start":{"line":7,"column":0},"end":{"line":7,"column":null}},"5":{"start":{"line":9,"column":15},"end":{"line":9,"column":37}},"6":{"start":{"line":11,"column":14},"end":{"line":32,"column":1}},"7":{"start":{"line":12,"column":4},"end":{"line":31,"column":5}},"8":{"start":{"line":13,"column":48},"end":{"line":13,"column":56}},"9":{"start":{"line":15,"column":19},"end":{"line":15,"column":57}},"10":{"start":{"line":16,"column":29},"end":{"line":16,"column":59}},"11":{"start":{"line":17,"column":8},"end":{"line":26,"column":9}},"12":{"start":{"line":18,"column":26},"end":{"line":24,"column":14}},"13":{"start":{"line":25,"column":12},"end":{"line":25,"column":null}},"14":{"start":{"line":27,"column":8},"end":{"line":27,"column":null}},"15":{"start":{"line":29,"column":28},"end":{"line":29,"column":null}},"16":{"start":{"line":30,"column":8},"end":{"line":30,"column":null}},"17":{"start":{"line":34,"column":18},"end":{"line":42,"column":1}},"18":{"start":{"line":35,"column":4},"end":{"line":41,"column":5}},"19":{"start":{"line":36,"column":20},"end":{"line":36,"column":42}},"20":{"start":{"line":37,"column":8},"end":{"line":37,"column":null}},"21":{"start":{"line":39,"column":28},"end":{"line":39,"column":null}},"22":{"start":{"line":40,"column":8},"end":{"line":40,"column":null}},"23":{"start":{"line":44,"column":23},"end":{"line":70,"column":1}},"24":{"start":{"line":45,"column":4},"end":{"line":69,"column":5}},"25":{"start":{"line":46,"column":23},"end":{"line":46,"column":33}},"26":{"start":{"line":47,"column":49},"end":{"line":47,"column":57}},"27":{"start":{"line":48,"column":21},"end":{"line":48,"column":49}},"28":{"start":{"line":50,"column":8},"end":{"line":52,"column":9}},"29":{"start":{"line":51,"column":12},"end":{"line":51,"column":70}},"30":{"start":{"line":54,"column":38},"end":{"line":54,"column":40}},"31":{"start":{"line":55,"column":8},"end":{"line":55,"column":38}},"32":{"start":{"line":55,"column":18},"end":{"line":55,"column":38}},"33":{"start":{"line":56,"column":8},"end":{"line":56,"column":41}},"34":{"start":{"line":56,"column":19},"end":{"line":56,"column":41}},"35":{"start":{"line":57,"column":8},"end":{"line":60,"column":9}},"36":{"start":{"line":58,"column":35},"end":{"line":58,"column":66}},"37":{"start":{"line":59,"column":12},"end":{"line":59,"column":46}},"38":{"start":{"line":61,"column":8},"end":{"line":61,"column":44}},"39":{"start":{"line":61,"column":20},"end":{"line":61,"column":44}},"40":{"start":{"line":63,"column":28},"end":{"line":63,"column":89}},"41":{"start":{"line":65,"column":8},"end":{"line":65,"column":97}},"42":{"start":{"line":67,"column":28},"end":{"line":67,"column":82}},"43":{"start":{"line":68,"column":8},"end":{"line":68,"column":72}},"44":{"start":{"line":73,"column":20},"end":{"line":85,"column":1}},"45":{"start":{"line":74,"column":4},"end":{"line":84,"column":5}},"46":{"start":{"line":75,"column":19},"end":{"line":75,"column":29}},"47":{"start":{"line":76,"column":19},"end":{"line":76,"column":56}},"48":{"start":{"line":77,"column":8},"end":{"line":79,"column":9}},"49":{"start":{"line":78,"column":12},"end":{"line":78,"column":null}},"50":{"start":{"line":80,"column":8},"end":{"line":80,"column":null}},"51":{"start":{"line":82,"column":28},"end":{"line":82,"column":null}},"52":{"start":{"line":83,"column":8},"end":{"line":83,"column":null}},"53":{"start":{"line":87,"column":16},"end":{"line":106,"column":1}},"54":{"start":{"line":88,"column":4},"end":{"line":105,"column":5}},"55":{"start":{"line":90,"column":31},"end":{"line":90,"column":39}},"56":{"start":{"line":91,"column":19},"end":{"line":91,"column":57}},"57":{"start":{"line":92,"column":8},"end":{"line":94,"column":9}},"58":{"start":{"line":93,"column":12},"end":{"line":93,"column":null}},"59":{"start":{"line":95,"column":30},"end":{"line":95,"column":74}},"60":{"start":{"line":96,"column":8},"end":{"line":98,"column":9}},"61":{"start":{"line":97,"column":12},"end":{"line":97,"column":null}},"62":{"start":{"line":100,"column":23},"end":{"line":100,"column":104}},"63":{"start":{"line":101,"column":8},"end":{"line":101,"column":null}},"64":{"start":{"line":103,"column":28},"end":{"line":103,"column":null}},"65":{"start":{"line":104,"column":8},"end":{"line":104,"column":null}},"66":{"start":{"line":108,"column":0},"end":{"line":108,"column":null}},"67":{"start":{"line":115,"column":85},"end":{"line":115,"column":37403}},"68":{"start":{"line":115,"column":89},"end":{"line":115,"column":37392}},"69":{"start":{"line":115,"column":37518},"end":{"line":115,"column":37524}},"70":{"start":{"line":115,"column":37639},"end":{"line":115,"column":37645}},"71":{"start":{"line":115,"column":37764},"end":{"line":115,"column":37770}},"72":{"start":{"line":115,"column":37914},"end":{"line":115,"column":37920}}},"fnMap":{"0":{"name":"(anonymous_1)","decl":{"start":{"line":11,"column":14},"end":{"line":11,"column":19}},"loc":{"start":{"line":11,"column":47},"end":{"line":32,"column":1}}},"1":{"name":"(anonymous_2)","decl":{"start":{"line":34,"column":18},"end":{"line":34,"column":23}},"loc":{"start":{"line":34,"column":51},"end":{"line":42,"column":1}}},"2":{"name":"(anonymous_3)","decl":{"start":{"line":44,"column":23},"end":{"line":44,"column":28}},"loc":{"start":{"line":44,"column":61},"end":{"line":70,"column":1}}},"3":{"name":"(anonymous_4)","decl":{"start":{"line":73,"column":20},"end":{"line":73,"column":25}},"loc":{"start":{"line":73,"column":53},"end":{"line":85,"column":1}}},"4":{"name":"(anonymous_5)","decl":{"start":{"line":87,"column":16},"end":{"line":87,"column":21}},"loc":{"start":{"line":87,"column":49},"end":{"line":106,"column":1}}},"5":{"name":"oo_cm","decl":{"start":{"line":115,"column":77},"end":{"line":115,"column":82}},"loc":{"start":{"line":115,"column":82},"end":{"line":115,"column":37404}}}},"branchMap":{"0":{"loc":{"start":{"line":17,"column":8},"end":{"line":26,"column":9}},"type":"if","locations":[{"start":{"line":17,"column":8},"end":{"line":26,"column":9}}]},"1":{"loc":{"start":{"line":50,"column":8},"end":{"line":52,"column":9}},"type":"if","locations":[{"start":{"line":50,"column":8},"end":{"line":52,"column":9}}]},"2":{"loc":{"start":{"line":55,"column":8},"end":{"line":55,"column":38}},"type":"if","locations":[{"start":{"line":55,"column":8},"end":{"line":55,"column":38}}]},"3":{"loc":{"start":{"line":56,"column":8},"end":{"line":56,"column":41}},"type":"if","locations":[{"start":{"line":56,"column":8},"end":{"line":56,"column":41}}]},"4":{"loc":{"start":{"line":57,"column":8},"end":{"line":60,"column":9}},"type":"if","locations":[{"start":{"line":57,"column":8},"end":{"line":60,"column":9}}]},"5":{"loc":{"start":{"line":61,"column":8},"end":{"line":61,"column":44}},"type":"if","locations":[{"start":{"line":61,"column":8},"end":{"line":61,"column":44}}]},"6":{"loc":{"start":{"line":77,"column":8},"end":{"line":79,"column":9}},"type":"if","locations":[{"start":{"line":77,"column":8},"end":{"line":79,"column":9}}]},"7":{"loc":{"start":{"line":92,"column":8},"end":{"line":94,"column":9}},"type":"if","locations":[{"start":{"line":92,"column":8},"end":{"line":94,"column":9}}]},"8":{"loc":{"start":{"line":96,"column":8},"end":{"line":98,"column":9}},"type":"if","locations":[{"start":{"line":96,"column":8},"end":{"line":98,"column":9}}]},"9":{"loc":{"start":{"line":115,"column":96},"end":{"line":115,"column":37391}},"type":"binary-expr","locations":[{"start":{"line":115,"column":96},"end":{"line":115,"column":133}},{"start":{"line":115,"column":137},"end":{"line":115,"column":37391}}]}},"s":{"0":21,"1":21,"2":21,"3":21,"4":21,"5":21,"6":21,"7":3,"8":3,"9":3,"10":2,"11":2,"12":1,"13":1,"14":1,"15":1,"16":1,"17":21,"18":2,"19":2,"20":1,"21":1,"22":1,"23":21,"24":3,"25":3,"26":3,"27":3,"28":2,"29":1,"30":1,"31":1,"32":1,"33":1,"34":1,"35":1,"36":1,"37":1,"38":1,"39":1,"40":1,"41":1,"42":1,"43":1,"44":21,"45":3,"46":3,"47":3,"48":2,"49":1,"50":1,"51":1,"52":1,"53":21,"54":4,"55":4,"56":4,"57":3,"58":1,"59":2,"60":2,"61":1,"62":1,"63":1,"64":1,"65":1,"66":21,"67":5,"68":5,"69":21,"70":21,"71":21,"72":21},"f":{"0":3,"1":2,"2":3,"3":3,"4":4,"5":5},"b":{"0":[1],"1":[1],"2":[1],"3":[1],"4":[1],"5":[1],"6":[1],"7":[1],"8":[1],"9":[5,3]}}
,"/home/ext-hyd-sys-tr10/Desktop/nodeTypescript/src/middlewares/authMiddleware.ts": {"path":"/home/ext-hyd-sys-tr10/Desktop/nodeTypescript/src/middlewares/authMiddleware.ts","statementMap":{"0":{"start":{"line":2,"column":0},"end":{"line":2,"column":47}},"1":{"start":{"line":5,"column":28},"end":{"line":27,"column":1}},"2":{"start":{"line":6,"column":4},"end":{"line":26,"column":5}},"3":{"start":{"line":7,"column":24},"end":{"line":7,"column":52}},"4":{"start":{"line":8,"column":8},"end":{"line":10,"column":9}},"5":{"start":{"line":9,"column":12},"end":{"line":9,"column":null}},"6":{"start":{"line":11,"column":23},"end":{"line":11,"column":46}},"7":{"start":{"line":12,"column":8},"end":{"line":14,"column":9}},"8":{"start":{"line":13,"column":12},"end":{"line":13,"column":null}},"9":{"start":{"line":15,"column":8},"end":{"line":22,"column":null}},"10":{"start":{"line":16,"column":12},"end":{"line":19,"column":13}},"11":{"start":{"line":17,"column":36},"end":{"line":17,"column":null}},"12":{"start":{"line":18,"column":16},"end":{"line":18,"column":null}},"13":{"start":{"line":20,"column":12},"end":{"line":20,"column":null}},"14":{"start":{"line":21,"column":12},"end":{"line":21,"column":null}},"15":{"start":{"line":24,"column":28},"end":{"line":24,"column":null}},"16":{"start":{"line":25,"column":8},"end":{"line":25,"column":null}},"17":{"start":{"line":5,"column":13},"end":{"line":5,"column":28}},"18":{"start":{"line":34,"column":85},"end":{"line":34,"column":37403}},"19":{"start":{"line":34,"column":89},"end":{"line":34,"column":37392}},"20":{"start":{"line":34,"column":37518},"end":{"line":34,"column":37524}},"21":{"start":{"line":34,"column":37639},"end":{"line":34,"column":37645}},"22":{"start":{"line":34,"column":37764},"end":{"line":34,"column":37770}},"23":{"start":{"line":34,"column":37914},"end":{"line":34,"column":37920}}},"fnMap":{"0":{"name":"(anonymous_1)","decl":{"start":{"line":5,"column":28},"end":{"line":5,"column":33}},"loc":{"start":{"line":5,"column":79},"end":{"line":27,"column":1}}},"1":{"name":"(anonymous_2)","decl":{"start":{"line":15,"column":67},"end":{"line":15,"column":68}},"loc":{"start":{"line":15,"column":84},"end":{"line":22,"column":9}}},"2":{"name":"oo_cm","decl":{"start":{"line":34,"column":77},"end":{"line":34,"column":82}},"loc":{"start":{"line":34,"column":82},"end":{"line":34,"column":37404}}}},"branchMap":{"0":{"loc":{"start":{"line":8,"column":8},"end":{"line":10,"column":9}},"type":"if","locations":[{"start":{"line":8,"column":8},"end":{"line":10,"column":9}}]},"1":{"loc":{"start":{"line":12,"column":8},"end":{"line":14,"column":9}},"type":"if","locations":[{"start":{"line":12,"column":8},"end":{"line":14,"column":9}}]},"2":{"loc":{"start":{"line":16,"column":12},"end":{"line":19,"column":13}},"type":"if","locations":[{"start":{"line":16,"column":12},"end":{"line":19,"column":13}}]},"3":{"loc":{"start":{"line":34,"column":96},"end":{"line":34,"column":37391}},"type":"binary-expr","locations":[{"start":{"line":34,"column":96},"end":{"line":34,"column":133}},{"start":{"line":34,"column":137},"end":{"line":34,"column":37391}}]}},"s":{"0":21,"1":21,"2":75,"3":75,"4":75,"5":3,"6":72,"7":72,"8":3,"9":69,"10":68,"11":3,"12":3,"13":65,"14":65,"15":1,"16":1,"17":21,"18":4,"19":4,"20":21,"21":21,"22":21,"23":21},"f":{"0":75,"1":68,"2":4},"b":{"0":[3],"1":[3],"2":[3],"3":[4,1]}}
,"/home/ext-hyd-sys-tr10/Desktop/nodeTypescript/src/models/ChatGroupModel.ts": {"path":"/home/ext-hyd-sys-tr10/Desktop/nodeTypescript/src/models/ChatGroupModel.ts","statementMap":{"0":{"start":{"line":1,"column":0},"end":{"line":1,"column":40}},"1":{"start":{"line":8,"column":20},"end":{"line":11,"column":2}},"2":{"start":{"line":20,"column":22},"end":{"line":38,"column":37}},"3":{"start":{"line":41,"column":21},"end":{"line":41,"column":67}},"4":{"start":{"line":42,"column":0},"end":{"line":42,"column":null}}},"fnMap":{},"branchMap":{},"s":{"0":21,"1":21,"2":21,"3":21,"4":21},"f":{},"b":{}}
,"/home/ext-hyd-sys-tr10/Desktop/nodeTypescript/src/models/ChatModel.ts": {"path":"/home/ext-hyd-sys-tr10/Desktop/nodeTypescript/src/models/ChatModel.ts","statementMap":{"0":{"start":{"line":1,"column":0},"end":{"line":1,"column":46}},"1":{"start":{"line":7,"column":20},"end":{"line":9,"column":37}},"2":{"start":{"line":17,"column":17},"end":{"line":30,"column":37}},"3":{"start":{"line":33,"column":16},"end":{"line":33,"column":47}},"4":{"start":{"line":34,"column":0},"end":{"line":34,"column":null}}},"fnMap":{},"branchMap":{},"s":{"0":21,"1":21,"2":21,"3":21,"4":21},"f":{},"b":{}}
,"/home/ext-hyd-sys-tr10/Desktop/nodeTypescript/src/models/RazorpayOrders.ts": {"path":"/home/ext-hyd-sys-tr10/Desktop/nodeTypescript/src/models/RazorpayOrders.ts","statementMap":{"0":{"start":{"line":1,"column":0},"end":{"line":1,"column":40}},"1":{"start":{"line":14,"column":18},"end":{"line":27,"column":37}},"2":{"start":{"line":29,"column":19},"end":{"line":38,"column":37}},"3":{"start":{"line":41,"column":17},"end":{"line":41,"column":51}},"4":{"start":{"line":42,"column":13},"end":{"line":42,"column":null}},"5":{"start":{"line":43,"column":0},"end":{"line":43,"column":null}}},"fnMap":{},"branchMap":{},"s":{"0":21,"1":21,"2":21,"3":21,"4":21,"5":21},"f":{},"b":{}}
,"/home/ext-hyd-sys-tr10/Desktop/nodeTypescript/src/models/User.ts": {"path":"/home/ext-hyd-sys-tr10/Desktop/nodeTypescript/src/models/User.ts","statementMap":{"0":{"start":{"line":1,"column":0},"end":{"line":1,"column":40}},"1":{"start":{"line":12,"column":17},"end":{"line":40,"column":2}},"2":{"start":{"line":42,"column":16},"end":{"line":42,"column":47}},"3":{"start":{"line":43,"column":0},"end":{"line":43,"column":null}}},"fnMap":{},"branchMap":{},"s":{"0":21,"1":21,"2":21,"3":21},"f":{},"b":{}}
,"/home/ext-hyd-sys-tr10/Desktop/nodeTypescript/src/routes/chatGroupRouter.ts": {"path":"/home/ext-hyd-sys-tr10/Desktop/nodeTypescript/src/routes/chatGroupRouter.ts","statementMap":{"0":{"start":{"line":1,"column":0},"end":{"line":1,"column":69}},"1":{"start":{"line":2,"column":0},"end":{"line":2,"column":33}},"2":{"start":{"line":3,"column":0},"end":{"line":3,"column":63}},"3":{"start":{"line":4,"column":22},"end":{"line":4,"column":30}},"4":{"start":{"line":6,"column":0},"end":{"line":6,"column":null}},"5":{"start":{"line":7,"column":0},"end":{"line":7,"column":null}},"6":{"start":{"line":8,"column":0},"end":{"line":8,"column":null}},"7":{"start":{"line":9,"column":0},"end":{"line":9,"column":null}},"8":{"start":{"line":10,"column":0},"end":{"line":10,"column":null}},"9":{"start":{"line":11,"column":0},"end":{"line":11,"column":null}},"10":{"start":{"line":12,"column":0},"end":{"line":12,"column":null}},"11":{"start":{"line":13,"column":0},"end":{"line":13,"column":null}},"12":{"start":{"line":15,"column":0},"end":{"line":15,"column":null}}},"fnMap":{},"branchMap":{},"s":{"0":21,"1":21,"2":21,"3":21,"4":21,"5":21,"6":21,"7":21,"8":21,"9":21,"10":21,"11":21,"12":21},"f":{},"b":{}}
,"/home/ext-hyd-sys-tr10/Desktop/nodeTypescript/src/routes/chatRouter.ts": {"path":"/home/ext-hyd-sys-tr10/Desktop/nodeTypescript/src/routes/chatRouter.ts","statementMap":{"0":{"start":{"line":1,"column":0},"end":{"line":1,"column":59}},"1":{"start":{"line":2,"column":0},"end":{"line":2,"column":33}},"2":{"start":{"line":3,"column":0},"end":{"line":3,"column":63}},"3":{"start":{"line":4,"column":17},"end":{"line":4,"column":25}},"4":{"start":{"line":7,"column":0},"end":{"line":7,"column":null}},"5":{"start":{"line":8,"column":0},"end":{"line":8,"column":null}},"6":{"start":{"line":9,"column":0},"end":{"line":9,"column":null}},"7":{"start":{"line":10,"column":0},"end":{"line":10,"column":null}},"8":{"start":{"line":12,"column":0},"end":{"line":12,"column":null}}},"fnMap":{},"branchMap":{},"s":{"0":21,"1":21,"2":21,"3":21,"4":21,"5":21,"6":21,"7":21,"8":21},"f":{},"b":{}}
,"/home/ext-hyd-sys-tr10/Desktop/nodeTypescript/src/routes/orderRouter.ts": {"path":"/home/ext-hyd-sys-tr10/Desktop/nodeTypescript/src/routes/orderRouter.ts","statementMap":{"0":{"start":{"line":1,"column":0},"end":{"line":1,"column":61}},"1":{"start":{"line":2,"column":0},"end":{"line":2,"column":33}},"2":{"start":{"line":3,"column":0},"end":{"line":3,"column":61}},"3":{"start":{"line":4,"column":18},"end":{"line":4,"column":26}},"4":{"start":{"line":6,"column":0},"end":{"line":6,"column":null}},"5":{"start":{"line":7,"column":0},"end":{"line":7,"column":null}},"6":{"start":{"line":8,"column":0},"end":{"line":8,"column":null}},"7":{"start":{"line":10,"column":0},"end":{"line":10,"column":null}}},"fnMap":{},"branchMap":{},"s":{"0":21,"1":21,"2":21,"3":21,"4":21,"5":21,"6":21,"7":21},"f":{},"b":{}}
,"/home/ext-hyd-sys-tr10/Desktop/nodeTypescript/src/routes/userRouter.ts": {"path":"/home/ext-hyd-sys-tr10/Desktop/nodeTypescript/src/routes/userRouter.ts","statementMap":{"0":{"start":{"line":1,"column":0},"end":{"line":1,"column":59}},"1":{"start":{"line":2,"column":0},"end":{"line":2,"column":61}},"2":{"start":{"line":3,"column":0},"end":{"line":3,"column":33}},"3":{"start":{"line":5,"column":17},"end":{"line":5,"column":25}},"4":{"start":{"line":7,"column":0},"end":{"line":7,"column":null}},"5":{"start":{"line":8,"column":0},"end":{"line":8,"column":null}},"6":{"start":{"line":9,"column":0},"end":{"line":9,"column":null}},"7":{"start":{"line":10,"column":0},"end":{"line":10,"column":null}},"8":{"start":{"line":11,"column":0},"end":{"line":11,"column":null}},"9":{"start":{"line":13,"column":0},"end":{"line":13,"column":null}}},"fnMap":{},"branchMap":{},"s":{"0":21,"1":21,"2":21,"3":21,"4":21,"5":21,"6":21,"7":21,"8":21,"9":21},"f":{},"b":{}}
,"/home/ext-hyd-sys-tr10/Desktop/nodeTypescript/src/utils/Razorpay.ts": {"path":"/home/ext-hyd-sys-tr10/Desktop/nodeTypescript/src/utils/Razorpay.ts","statementMap":{"0":{"start":{"line":1,"column":0},"end":{"line":1,"column":32}},"1":{"start":{"line":2,"column":0},"end":{"line":2,"column":32}},"2":{"start":{"line":3,"column":0},"end":{"line":3,"column":null}},"3":{"start":{"line":6,"column":16},"end":{"line":6,"column":53}},"4":{"start":{"line":7,"column":23},"end":{"line":7,"column":45}},"5":{"start":{"line":9,"column":16},"end":{"line":12,"column":2}},"6":{"start":{"line":13,"column":0},"end":{"line":13,"column":null}}},"fnMap":{},"branchMap":{},"s":{"0":21,"1":21,"2":21,"3":21,"4":21,"5":21,"6":21},"f":{},"b":{}}
,"/home/ext-hyd-sys-tr10/Desktop/nodeTypescript/src/validations/userValidations.ts": {"path":"/home/ext-hyd-sys-tr10/Desktop/nodeTypescript/src/validations/userValidations.ts","statementMap":{"0":{"start":{"line":3,"column":15},"end":{"line":23,"column":1}},"1":{"start":{"line":4,"column":44},"end":{"line":4,"column":52}},"2":{"start":{"line":5,"column":17},"end":{"line":5,"column":67}},"3":{"start":{"line":6,"column":15},"end":{"line":6,"column":17}},"4":{"start":{"line":7,"column":5},"end":{"line":9,"column":6}},"5":{"start":{"line":8,"column":8},"end":{"line":8,"column":null}},"6":{"start":{"line":10,"column":5},"end":{"line":12,"column":6}},"7":{"start":{"line":11,"column":8},"end":{"line":11,"column":null}},"8":{"start":{"line":13,"column":5},"end":{"line":15,"column":6}},"9":{"start":{"line":14,"column":8},"end":{"line":14,"column":null}},"10":{"start":{"line":16,"column":5},"end":{"line":18,"column":6}},"11":{"start":{"line":17,"column":8},"end":{"line":17,"column":null}},"12":{"start":{"line":19,"column":5},"end":{"line":21,"column":6}},"13":{"start":{"line":20,"column":8},"end":{"line":20,"column":null}},"14":{"start":{"line":22,"column":5},"end":{"line":22,"column":null}},"15":{"start":{"line":25,"column":13},"end":{"line":39,"column":1}},"16":{"start":{"line":26,"column":27},"end":{"line":26,"column":35}},"17":{"start":{"line":27,"column":17},"end":{"line":27,"column":67}},"18":{"start":{"line":28,"column":15},"end":{"line":28,"column":17}},"19":{"start":{"line":29,"column":4},"end":{"line":31,"column":5}},"20":{"start":{"line":30,"column":8},"end":{"line":30,"column":null}},"21":{"start":{"line":32,"column":4},"end":{"line":34,"column":5}},"22":{"start":{"line":33,"column":8},"end":{"line":33,"column":null}},"23":{"start":{"line":35,"column":4},"end":{"line":37,"column":5}},"24":{"start":{"line":36,"column":8},"end":{"line":36,"column":null}},"25":{"start":{"line":38,"column":4},"end":{"line":38,"column":null}},"26":{"start":{"line":42,"column":0},"end":{"line":42,"column":null}}},"fnMap":{"0":{"name":"(anonymous_0)","decl":{"start":{"line":3,"column":15},"end":{"line":3,"column":16}},"loc":{"start":{"line":3,"column":61},"end":{"line":23,"column":1}}},"1":{"name":"(anonymous_1)","decl":{"start":{"line":25,"column":13},"end":{"line":25,"column":14}},"loc":{"start":{"line":25,"column":59},"end":{"line":39,"column":1}}}},"branchMap":{"0":{"loc":{"start":{"line":7,"column":5},"end":{"line":9,"column":6}},"type":"if","locations":[{"start":{"line":7,"column":5},"end":{"line":9,"column":6}}]},"1":{"loc":{"start":{"line":7,"column":8},"end":{"line":7,"column":28}},"type":"binary-expr","locations":[{"start":{"line":7,"column":8},"end":{"line":7,"column":13}},{"start":{"line":7,"column":15},"end":{"line":7,"column":28}}]},"2":{"loc":{"start":{"line":10,"column":5},"end":{"line":12,"column":6}},"type":"if","locations":[{"start":{"line":10,"column":5},"end":{"line":12,"column":6}}]},"3":{"loc":{"start":{"line":13,"column":5},"end":{"line":15,"column":6}},"type":"if","locations":[{"start":{"line":13,"column":5},"end":{"line":15,"column":6}}]},"4":{"loc":{"start":{"line":13,"column":8},"end":{"line":13,"column":36}},"type":"binary-expr","locations":[{"start":{"line":13,"column":8},"end":{"line":13,"column":17}},{"start":{"line":13,"column":19},"end":{"line":13,"column":36}}]},"5":{"loc":{"start":{"line":16,"column":5},"end":{"line":18,"column":6}},"type":"if","locations":[{"start":{"line":16,"column":5},"end":{"line":18,"column":6}}]},"6":{"loc":{"start":{"line":16,"column":8},"end":{"line":16,"column":50}},"type":"binary-expr","locations":[{"start":{"line":16,"column":8},"end":{"line":16,"column":15}},{"start":{"line":16,"column":17},"end":{"line":16,"column":30}},{"start":{"line":16,"column":32},"end":{"line":16,"column":50}}]},"7":{"loc":{"start":{"line":19,"column":5},"end":{"line":21,"column":6}},"type":"if","locations":[{"start":{"line":19,"column":5},"end":{"line":21,"column":6}}]},"8":{"loc":{"start":{"line":29,"column":4},"end":{"line":31,"column":5}},"type":"if","locations":[{"start":{"line":29,"column":4},"end":{"line":31,"column":5}}]},"9":{"loc":{"start":{"line":29,"column":7},"end":{"line":29,"column":44}},"type":"binary-expr","locations":[{"start":{"line":29,"column":7},"end":{"line":29,"column":28}},{"start":{"line":29,"column":30},"end":{"line":29,"column":44}}]},"10":{"loc":{"start":{"line":32,"column":4},"end":{"line":34,"column":5}},"type":"if","locations":[{"start":{"line":32,"column":4},"end":{"line":34,"column":5}}]},"11":{"loc":{"start":{"line":35,"column":4},"end":{"line":37,"column":5}},"type":"if","locations":[{"start":{"line":35,"column":4},"end":{"line":37,"column":5}}]}},"s":{"0":21,"1":7,"2":7,"3":7,"4":7,"5":1,"6":7,"7":1,"8":7,"9":1,"10":7,"11":1,"12":7,"13":4,"14":3,"15":21,"16":6,"17":6,"18":6,"19":6,"20":1,"21":6,"22":1,"23":6,"24":2,"25":4,"26":21},"f":{"0":7,"1":6},"b":{"0":[1],"1":[7,6],"2":[1],"3":[1],"4":[7,6],"5":[1],"6":[7,6,6],"7":[4],"8":[1],"9":[6,5],"10":[1],"11":[2]}}
}
