TN:
SF:src/serverT.ts
FN:26,(anonymous_1)
FN:34,(anonymous_2)
FNF:2
FNH:0
FNDA:0,(anonymous_1)
FNDA:0,(anonymous_2)
DA:1,21
DA:3,21
DA:4,21
DA:5,21
DA:6,21
DA:7,21
DA:8,21
DA:9,21
DA:10,21
DA:12,21
DA:13,21
DA:14,21
DA:16,21
DA:17,21
DA:18,21
DA:19,21
DA:20,21
DA:21,21
DA:23,21
DA:26,21
DA:27,0
DA:31,21
DA:32,21
DA:34,21
DA:35,0
DA:39,21
LF:26
LH:24
BRF:0
BRH:0
end_of_record
TN:
SF:src/controllers/chatController.ts
FN:5,(anonymous_1)
FN:35,(anonymous_2)
FN:51,(anonymous_3)
FN:80,(anonymous_4)
FN:111,oo_cm
FNF:5
FNH:5
FNDA:4,(anonymous_1)
FNDA:2,(anonymous_2)
FNDA:4,(anonymous_3)
FNDA:4,(anonymous_4)
FNDA:2,oo_cm
DA:1,21
DA:2,21
DA:5,21
DA:6,4
DA:7,4
DA:9,4
DA:10,3
DA:11,3
DA:12,1
DA:14,2
DA:19,2
DA:20,1
DA:25,1
DA:27,1
DA:28,1
DA:30,1
DA:31,1
DA:35,21
DA:36,2
DA:37,2
DA:39,2
DA:41,1
DA:42,1
DA:44,1
DA:46,1
DA:47,1
DA:51,21
DA:52,4
DA:53,4
DA:55,4
DA:56,3
DA:57,1
DA:59,2
DA:60,2
DA:61,1
DA:63,1
DA:71,1
DA:75,1
DA:76,1
DA:80,21
DA:81,4
DA:82,4
DA:84,4
DA:85,3
DA:86,1
DA:88,2
DA:89,2
DA:90,2
DA:91,1
DA:94,1
DA:96,1
DA:98,1
DA:99,1
DA:104,21
DA:111,21
LF:55
LH:55
BRDA:11,0,0,1
BRDA:11,1,0,3
BRDA:11,1,1,3
BRDA:19,2,0,1
BRDA:56,3,0,1
BRDA:60,4,0,1
BRDA:85,5,0,1
BRDA:90,6,0,1
BRDA:111,7,0,2
BRDA:111,7,1,1
BRF:10
BRH:10
end_of_record
TN:
SF:src/controllers/chatGroupController.ts
FN:5,(anonymous_1)
FN:19,(anonymous_2)
FN:32,(anonymous_3)
FN:32,(anonymous_4)
FN:55,(anonymous_5)
FN:86,(anonymous_6)
FN:121,(anonymous_7)
FN:152,(anonymous_8)
FN:173,(anonymous_9)
FN:195,(anonymous_10)
FN:230,(anonymous_11)
FN:266,oo_cm
FNF:12
FNH:12
FNDA:6,(anonymous_1)
FNDA:5,(anonymous_2)
FNDA:2,(anonymous_3)
FNDA:2,(anonymous_4)
FNDA:4,(anonymous_5)
FNDA:7,(anonymous_6)
FNDA:6,(anonymous_7)
FNDA:4,(anonymous_8)
FNDA:3,(anonymous_9)
FNDA:7,(anonymous_10)
FNDA:4,(anonymous_11)
FNDA:26,oo_cm
DA:2,21
DA:3,21
DA:5,21
DA:6,6
DA:7,6
DA:8,6
DA:9,6
DA:10,5
DA:11,1
DA:13,4
DA:14,1
DA:18,3
DA:19,5
DA:21,3
DA:22,1
DA:28,2
DA:29,2
DA:30,2
DA:31,1
DA:32,2
DA:34,1
DA:39,1
DA:46,1
DA:50,1
DA:51,1
DA:55,21
DA:56,4
DA:57,4
DA:58,4
DA:60,4
DA:61,3
DA:62,1
DA:65,2
DA:73,2
DA:74,1
DA:77,1
DA:81,1
DA:82,1
DA:86,21
DA:87,7
DA:88,7
DA:89,7
DA:90,6
DA:91,1
DA:93,5
DA:94,1
DA:96,4
DA:97,4
DA:98,1
DA:100,3
DA:101,3
DA:102,1
DA:104,2
DA:105,1
DA:107,1
DA:112,1
DA:116,1
DA:117,1
DA:121,21
DA:122,6
DA:123,6
DA:124,6
DA:125,5
DA:126,1
DA:128,4
DA:129,1
DA:131,3
DA:132,3
DA:133,1
DA:135,2
DA:136,1
DA:138,1
DA:143,1
DA:147,1
DA:148,1
DA:152,21
DA:153,4
DA:154,4
DA:155,4
DA:156,3
DA:157,1
DA:159,2
DA:160,1
DA:162,1
DA:166,1
DA:168,1
DA:169,1
DA:173,21
DA:174,3
DA:175,3
DA:177,3
DA:178,2
DA:179,1
DA:182,1
DA:186,1
DA:190,1
DA:191,1
DA:195,21
DA:196,7
DA:197,7
DA:198,7
DA:199,7
DA:200,6
DA:201,1
DA:203,5
DA:204,5
DA:205,1
DA:207,4
DA:209,4
DA:210,1
DA:212,3
DA:213,3
DA:215,3
DA:216,1
DA:218,2
DA:219,1
DA:220,1
DA:222,1
DA:223,1
DA:225,1
DA:226,1
DA:230,21
DA:231,4
DA:232,4
DA:234,4
DA:235,3
DA:236,1
DA:238,2
DA:239,2
DA:240,2
DA:241,1
DA:243,1
DA:245,1
DA:246,1
DA:250,21
DA:266,26
LF:136
LH:136
BRDA:10,0,0,1
BRDA:13,1,0,1
BRDA:13,2,0,4
BRDA:13,2,1,3
BRDA:21,3,0,1
BRDA:30,4,0,1
BRDA:61,5,0,1
BRDA:73,6,0,1
BRDA:90,7,0,1
BRDA:93,8,0,1
BRDA:97,9,0,1
BRDA:101,10,0,1
BRDA:104,11,0,1
BRDA:125,12,0,1
BRDA:128,13,0,1
BRDA:132,14,0,1
BRDA:135,15,0,1
BRDA:156,16,0,1
BRDA:159,17,0,1
BRDA:178,18,0,1
BRDA:200,19,0,1
BRDA:204,20,0,1
BRDA:209,21,0,1
BRDA:215,22,0,1
BRDA:218,23,0,1
BRDA:235,24,0,1
BRDA:240,25,0,1
BRDA:266,26,0,26
BRDA:266,26,1,7
BRF:29
BRH:29
end_of_record
TN:
SF:src/controllers/orderController.ts
FN:6,(anonymous_7)
FN:40,(anonymous_8)
FN:55,(anonymous_9)
FN:84,oo_cm
FNF:4
FNH:4
FNDA:4,(anonymous_7)
FNDA:2,(anonymous_8)
FNDA:4,(anonymous_9)
FNDA:6,oo_cm
DA:1,21
DA:3,21
DA:4,21
DA:6,21
DA:7,4
DA:8,4
DA:10,4
DA:11,1
DA:13,3
DA:14,1
DA:16,2
DA:23,2
DA:24,1
DA:29,1
DA:35,1
DA:36,1
DA:40,21
DA:41,2
DA:42,2
DA:43,2
DA:44,2
DA:45,2
DA:46,2
DA:47,2
DA:48,2
DA:49,1
DA:51,1
DA:55,21
DA:56,4
DA:57,4
DA:58,4
DA:59,1
DA:61,3
DA:62,1
DA:65,2
DA:66,2
DA:70,1
DA:72,1
DA:73,1
DA:77,21
DA:84,21
LF:41
LH:41
BRDA:10,0,0,1
BRDA:13,1,0,1
BRDA:48,2,0,1
BRDA:48,2,1,1
BRDA:58,3,0,1
BRDA:61,4,0,1
BRDA:84,5,0,6
BRDA:84,5,1,3
BRF:8
BRH:8
end_of_record
TN:
SF:src/controllers/userController.ts
FN:11,(anonymous_1)
FN:34,(anonymous_2)
FN:44,(anonymous_3)
FN:73,(anonymous_4)
FN:87,(anonymous_5)
FN:115,oo_cm
FNF:6
FNH:6
FNDA:3,(anonymous_1)
FNDA:2,(anonymous_2)
FNDA:3,(anonymous_3)
FNDA:3,(anonymous_4)
FNDA:4,(anonymous_5)
FNDA:5,oo_cm
DA:2,21
DA:3,21
DA:4,21
DA:6,21
DA:7,21
DA:9,21
DA:11,21
DA:12,3
DA:13,3
DA:15,3
DA:16,2
DA:17,2
DA:18,1
DA:25,1
DA:27,1
DA:29,1
DA:30,1
DA:34,21
DA:35,2
DA:36,2
DA:37,1
DA:39,1
DA:40,1
DA:44,21
DA:45,3
DA:46,3
DA:47,3
DA:48,3
DA:50,2
DA:51,1
DA:54,1
DA:55,1
DA:56,1
DA:57,1
DA:58,1
DA:59,1
DA:61,1
DA:63,1
DA:65,1
DA:67,1
DA:68,1
DA:73,21
DA:74,3
DA:75,3
DA:76,3
DA:77,2
DA:78,1
DA:80,1
DA:82,1
DA:83,1
DA:87,21
DA:88,4
DA:90,4
DA:91,4
DA:92,3
DA:93,1
DA:95,2
DA:96,2
DA:97,1
DA:100,1
DA:101,1
DA:103,1
DA:104,1
DA:108,21
DA:115,21
LF:65
LH:65
BRDA:17,0,0,1
BRDA:50,1,0,1
BRDA:55,2,0,1
BRDA:56,3,0,1
BRDA:57,4,0,1
BRDA:61,5,0,1
BRDA:77,6,0,1
BRDA:92,7,0,1
BRDA:96,8,0,1
BRDA:115,9,0,5
BRDA:115,9,1,3
BRF:11
BRH:11
end_of_record
TN:
SF:src/middlewares/authMiddleware.ts
FN:5,(anonymous_1)
FN:15,(anonymous_2)
FN:34,oo_cm
FNF:3
FNH:3
FNDA:75,(anonymous_1)
FNDA:68,(anonymous_2)
FNDA:4,oo_cm
DA:2,21
DA:5,21
DA:6,75
DA:7,75
DA:8,75
DA:9,3
DA:11,72
DA:12,72
DA:13,3
DA:15,69
DA:16,68
DA:17,3
DA:18,3
DA:20,65
DA:21,65
DA:24,1
DA:25,1
DA:34,21
LF:18
LH:18
BRDA:8,0,0,3
BRDA:12,1,0,3
BRDA:16,2,0,3
BRDA:34,3,0,4
BRDA:34,3,1,1
BRF:5
BRH:5
end_of_record
TN:
SF:src/models/ChatGroupModel.ts
FNF:0
FNH:0
DA:1,21
DA:8,21
DA:20,21
DA:41,21
DA:42,21
LF:5
LH:5
BRF:0
BRH:0
end_of_record
TN:
SF:src/models/ChatModel.ts
FNF:0
FNH:0
DA:1,21
DA:7,21
DA:17,21
DA:33,21
DA:34,21
LF:5
LH:5
BRF:0
BRH:0
end_of_record
TN:
SF:src/models/RazorpayOrders.ts
FNF:0
FNH:0
DA:1,21
DA:14,21
DA:29,21
DA:41,21
DA:42,21
DA:43,21
LF:6
LH:6
BRF:0
BRH:0
end_of_record
TN:
SF:src/models/User.ts
FNF:0
FNH:0
DA:1,21
DA:12,21
DA:42,21
DA:43,21
LF:4
LH:4
BRF:0
BRH:0
end_of_record
TN:
SF:src/routes/chatGroupRouter.ts
FNF:0
FNH:0
DA:1,21
DA:2,21
DA:3,21
DA:4,21
DA:6,21
DA:7,21
DA:8,21
DA:9,21
DA:10,21
DA:11,21
DA:12,21
DA:13,21
DA:15,21
LF:13
LH:13
BRF:0
BRH:0
end_of_record
TN:
SF:src/routes/chatRouter.ts
FNF:0
FNH:0
DA:1,21
DA:2,21
DA:3,21
DA:4,21
DA:7,21
DA:8,21
DA:9,21
DA:10,21
DA:12,21
LF:9
LH:9
BRF:0
BRH:0
end_of_record
TN:
SF:src/routes/orderRouter.ts
FNF:0
FNH:0
DA:1,21
DA:2,21
DA:3,21
DA:4,21
DA:6,21
DA:7,21
DA:8,21
DA:10,21
LF:8
LH:8
BRF:0
BRH:0
end_of_record
TN:
SF:src/routes/userRouter.ts
FNF:0
FNH:0
DA:1,21
DA:2,21
DA:3,21
DA:5,21
DA:7,21
DA:8,21
DA:9,21
DA:10,21
DA:11,21
DA:13,21
LF:10
LH:10
BRF:0
BRH:0
end_of_record
TN:
SF:src/utils/Razorpay.ts
FNF:0
FNH:0
DA:1,21
DA:2,21
DA:3,21
DA:6,21
DA:7,21
DA:9,21
DA:13,21
LF:7
LH:7
BRF:0
BRH:0
end_of_record
TN:
SF:src/validations/userValidations.ts
FN:3,(anonymous_0)
FN:25,(anonymous_1)
FNF:2
FNH:2
FNDA:7,(anonymous_0)
FNDA:6,(anonymous_1)
DA:3,21
DA:4,7
DA:5,7
DA:6,7
DA:7,7
DA:8,1
DA:10,7
DA:11,1
DA:13,7
DA:14,1
DA:16,7
DA:17,1
DA:19,7
DA:20,4
DA:22,3
DA:25,21
DA:26,6
DA:27,6
DA:28,6
DA:29,6
DA:30,1
DA:32,6
DA:33,1
DA:35,6
DA:36,2
DA:38,4
DA:42,21
LF:27
LH:27
BRDA:7,0,0,1
BRDA:7,1,0,7
BRDA:7,1,1,6
BRDA:10,2,0,1
BRDA:13,3,0,1
BRDA:13,4,0,7
BRDA:13,4,1,6
BRDA:16,5,0,1
BRDA:16,6,0,7
BRDA:16,6,1,6
BRDA:16,6,2,6
BRDA:19,7,0,4
BRDA:29,8,0,1
BRDA:29,9,0,6
BRDA:29,9,1,5
BRDA:32,10,0,1
BRDA:35,11,0,2
BRF:17
BRH:17
end_of_record
